2023-10-31 17:00:45.130  INFO 17980 --- [restartedMain] com.saltlux.livechat.load.Application    : Starting Application using Java 1.8.0_341 on ANPHATPC with PID 17980 (E:\cep-livechat\cep\lc-load-test\target\classes started by ADMIN in E:\cep-livechat\cep\lc-load-test)
2023-10-31 17:00:45.132  INFO 17980 --- [restartedMain] com.saltlux.livechat.load.Application    : No active profile set, falling back to default profiles: default
2023-10-31 17:00:45.157  INFO 17980 --- [restartedMain] .e.DevToolsPropertyDefaultsPostProcessor : Devtools property defaults active! Set 'spring.devtools.add-properties' to 'false' to disable
2023-10-31 17:00:46.037  INFO 17980 --- [restartedMain] o.s.b.d.a.OptionalLiveReloadServer       : LiveReload server is running on port 35729
2023-10-31 17:00:46.053  INFO 17980 --- [restartedMain] com.saltlux.livechat.load.Application    : Started Application in 1.164 seconds (JVM running for 1.473)
2023-10-31 17:01:00.974  INFO 18952 --- [restartedMain] com.saltlux.livechat.load.Application    : Starting Application using Java 1.8.0_341 on ANPHATPC with PID 18952 (E:\cep-livechat\cep\lc-load-test\target\classes started by ADMIN in E:\cep-livechat\cep\lc-load-test)
2023-10-31 17:01:00.975  INFO 18952 --- [restartedMain] com.saltlux.livechat.load.Application    : No active profile set, falling back to default profiles: default
2023-10-31 17:01:01.001  INFO 18952 --- [restartedMain] .e.DevToolsPropertyDefaultsPostProcessor : Devtools property defaults active! Set 'spring.devtools.add-properties' to 'false' to disable
2023-10-31 17:01:01.813  INFO 18952 --- [restartedMain] o.s.b.d.a.OptionalLiveReloadServer       : LiveReload server is running on port 35729
2023-10-31 17:01:01.828  INFO 18952 --- [restartedMain] com.saltlux.livechat.load.Application    : Started Application in 1.089 seconds (JVM running for 1.349)
2023-10-31 17:33:16.507  INFO 7376 --- [restartedMain] com.saltlux.livechat.load.Application    : Starting Application using Java 1.8.0_341 on ANPHATPC with PID 7376 (E:\cep-livechat\cep\lc-load-test\target\classes started by ADMIN in E:\cep-livechat\cep\lc-load-test)
2023-10-31 17:33:16.508  INFO 7376 --- [restartedMain] com.saltlux.livechat.load.Application    : No active profile set, falling back to default profiles: default
2023-10-31 17:33:16.533  INFO 7376 --- [restartedMain] .e.DevToolsPropertyDefaultsPostProcessor : Devtools property defaults active! Set 'spring.devtools.add-properties' to 'false' to disable
2023-10-31 17:33:17.369  INFO 7376 --- [restartedMain] o.s.b.d.a.OptionalLiveReloadServer       : LiveReload server is running on port 35729
2023-10-31 17:33:17.379  INFO 7376 --- [restartedMain] com.saltlux.livechat.load.Application    : Started Application in 1.098 seconds (JVM running for 1.372)
2023-10-31 17:37:38.170  INFO 20820 --- [restartedMain] com.saltlux.livechat.load.Application    : Starting Application using Java 1.8.0_341 on ANPHATPC with PID 20820 (E:\cep-livechat\cep\lc-load-test\target\classes started by ADMIN in E:\cep-livechat\cep\lc-load-test)
2023-10-31 17:37:38.172  INFO 20820 --- [restartedMain] com.saltlux.livechat.load.Application    : No active profile set, falling back to default profiles: default
2023-10-31 17:37:38.206  INFO 20820 --- [restartedMain] .e.DevToolsPropertyDefaultsPostProcessor : Devtools property defaults active! Set 'spring.devtools.add-properties' to 'false' to disable
2023-10-31 17:37:39.126  INFO 20820 --- [restartedMain] o.s.b.d.a.OptionalLiveReloadServer       : LiveReload server is running on port 35729
2023-10-31 17:37:39.144  INFO 20820 --- [restartedMain] com.saltlux.livechat.load.Application    : Started Application in 1.26 seconds (JVM running for 1.79)
2023-10-31 18:15:32.471  INFO 11100 --- [restartedMain] com.saltlux.livechat.load.Application    : Starting Application using Java 1.8.0_341 on ANPHATPC with PID 11100 (E:\cep-livechat\cep\lc-load-test\target\classes started by ADMIN in E:\cep-livechat\cep\lc-load-test)
2023-10-31 18:15:32.473  INFO 11100 --- [restartedMain] com.saltlux.livechat.load.Application    : No active profile set, falling back to default profiles: default
2023-10-31 18:15:32.510  INFO 11100 --- [restartedMain] .e.DevToolsPropertyDefaultsPostProcessor : Devtools property defaults active! Set 'spring.devtools.add-properties' to 'false' to disable
2023-10-31 18:15:33.417  INFO 11100 --- [restartedMain] o.s.b.d.a.OptionalLiveReloadServer       : LiveReload server is running on port 35729
2023-10-31 18:15:33.433  INFO 11100 --- [restartedMain] com.saltlux.livechat.load.Application    : Started Application in 1.239 seconds (JVM running for 1.548)
2023-10-31 18:17:52.251  INFO 7628 --- [restartedMain] com.saltlux.livechat.load.Application    : Starting Application using Java 1.8.0_341 on ANPHATPC with PID 7628 (E:\cep-livechat\cep\lc-load-test\target\classes started by ADMIN in E:\cep-livechat\cep\lc-load-test)
2023-10-31 18:17:52.252  INFO 7628 --- [restartedMain] com.saltlux.livechat.load.Application    : No active profile set, falling back to default profiles: default
2023-10-31 18:17:52.287  INFO 7628 --- [restartedMain] .e.DevToolsPropertyDefaultsPostProcessor : Devtools property defaults active! Set 'spring.devtools.add-properties' to 'false' to disable
2023-10-31 18:17:53.192  INFO 7628 --- [restartedMain] o.s.b.d.a.OptionalLiveReloadServer       : LiveReload server is running on port 35729
2023-10-31 18:17:53.209  INFO 7628 --- [restartedMain] com.saltlux.livechat.load.Application    : Started Application in 1.234 seconds (JVM running for 1.539)
2023-10-31 18:18:22.623  INFO 18812 --- [restartedMain] com.saltlux.livechat.load.Application    : Starting Application using Java 1.8.0_341 on ANPHATPC with PID 18812 (E:\cep-livechat\cep\lc-load-test\target\classes started by ADMIN in E:\cep-livechat\cep\lc-load-test)
2023-10-31 18:18:22.624  INFO 18812 --- [restartedMain] com.saltlux.livechat.load.Application    : No active profile set, falling back to default profiles: default
2023-10-31 18:18:22.649  INFO 18812 --- [restartedMain] .e.DevToolsPropertyDefaultsPostProcessor : Devtools property defaults active! Set 'spring.devtools.add-properties' to 'false' to disable
2023-10-31 18:18:23.466  INFO 18812 --- [restartedMain] o.s.b.d.a.OptionalLiveReloadServer       : LiveReload server is running on port 35729
2023-10-31 18:18:23.477  INFO 18812 --- [restartedMain] com.saltlux.livechat.load.Application    : Started Application in 1.079 seconds (JVM running for 1.347)
2023-10-31 18:20:28.848  INFO 16828 --- [restartedMain] com.saltlux.livechat.load.Application    : Starting Application using Java 1.8.0_341 on ANPHATPC with PID 16828 (E:\cep-livechat\cep\lc-load-test\target\classes started by ADMIN in E:\cep-livechat\cep\lc-load-test)
2023-10-31 18:20:28.849  INFO 16828 --- [restartedMain] com.saltlux.livechat.load.Application    : No active profile set, falling back to default profiles: default
2023-10-31 18:20:28.876  INFO 16828 --- [restartedMain] .e.DevToolsPropertyDefaultsPostProcessor : Devtools property defaults active! Set 'spring.devtools.add-properties' to 'false' to disable
2023-10-31 18:20:29.686  INFO 16828 --- [restartedMain] o.s.b.d.a.OptionalLiveReloadServer       : LiveReload server is running on port 35729
2023-10-31 18:20:29.702  INFO 16828 --- [restartedMain] com.saltlux.livechat.load.Application    : Started Application in 1.079 seconds (JVM running for 1.342)
2023-10-31 18:20:57.702  INFO 12460 --- [restartedMain] com.saltlux.livechat.load.Application    : Starting Application using Java 1.8.0_341 on ANPHATPC with PID 12460 (E:\cep-livechat\cep\lc-load-test\target\classes started by ADMIN in E:\cep-livechat\cep\lc-load-test)
2023-10-31 18:20:57.704  INFO 12460 --- [restartedMain] com.saltlux.livechat.load.Application    : No active profile set, falling back to default profiles: default
2023-10-31 18:20:57.730  INFO 12460 --- [restartedMain] .e.DevToolsPropertyDefaultsPostProcessor : Devtools property defaults active! Set 'spring.devtools.add-properties' to 'false' to disable
2023-10-31 18:20:58.553  INFO 12460 --- [restartedMain] o.s.b.d.a.OptionalLiveReloadServer       : LiveReload server is running on port 35729
2023-10-31 18:20:58.569  INFO 12460 --- [restartedMain] com.saltlux.livechat.load.Application    : Started Application in 1.088 seconds (JVM running for 1.357)
2023-10-31 18:23:07.178  INFO 9588 --- [restartedMain] com.saltlux.livechat.load.Application    : Starting Application using Java 1.8.0_341 on ANPHATPC with PID 9588 (E:\cep-livechat\cep\lc-load-test\target\classes started by ADMIN in E:\cep-livechat\cep\lc-load-test)
2023-10-31 18:23:07.180  INFO 9588 --- [restartedMain] com.saltlux.livechat.load.Application    : No active profile set, falling back to default profiles: default
2023-10-31 18:23:07.207  INFO 9588 --- [restartedMain] .e.DevToolsPropertyDefaultsPostProcessor : Devtools property defaults active! Set 'spring.devtools.add-properties' to 'false' to disable
2023-10-31 18:23:08.007  INFO 9588 --- [restartedMain] o.s.b.d.a.OptionalLiveReloadServer       : LiveReload server is running on port 35729
2023-10-31 18:23:08.020  INFO 9588 --- [restartedMain] com.saltlux.livechat.load.Application    : Started Application in 1.067 seconds (JVM running for 1.334)
2023-10-31 18:23:38.493  INFO 18512 --- [restartedMain] com.saltlux.livechat.load.Application    : Starting Application using Java 1.8.0_341 on ANPHATPC with PID 18512 (E:\cep-livechat\cep\lc-load-test\target\classes started by ADMIN in E:\cep-livechat\cep\lc-load-test)
2023-10-31 18:23:38.495  INFO 18512 --- [restartedMain] com.saltlux.livechat.load.Application    : No active profile set, falling back to default profiles: default
2023-10-31 18:23:38.521  INFO 18512 --- [restartedMain] .e.DevToolsPropertyDefaultsPostProcessor : Devtools property defaults active! Set 'spring.devtools.add-properties' to 'false' to disable
2023-10-31 18:23:39.336  INFO 18512 --- [restartedMain] o.s.b.d.a.OptionalLiveReloadServer       : LiveReload server is running on port 35729
2023-10-31 18:23:39.350  INFO 18512 --- [restartedMain] com.saltlux.livechat.load.Application    : Started Application in 1.085 seconds (JVM running for 1.356)
2023-10-31 18:24:22.732  INFO 3112 --- [restartedMain] com.saltlux.livechat.load.Application    : Starting Application using Java 1.8.0_341 on ANPHATPC with PID 3112 (E:\cep-livechat\cep\lc-load-test\target\classes started by ADMIN in E:\cep-livechat\cep\lc-load-test)
2023-10-31 18:24:22.734  INFO 3112 --- [restartedMain] com.saltlux.livechat.load.Application    : No active profile set, falling back to default profiles: default
2023-10-31 18:24:22.763  INFO 3112 --- [restartedMain] .e.DevToolsPropertyDefaultsPostProcessor : Devtools property defaults active! Set 'spring.devtools.add-properties' to 'false' to disable
2023-10-31 18:24:23.571  INFO 3112 --- [restartedMain] o.s.b.d.a.OptionalLiveReloadServer       : LiveReload server is running on port 35729
2023-10-31 18:24:23.586  INFO 3112 --- [restartedMain] com.saltlux.livechat.load.Application    : Started Application in 1.082 seconds (JVM running for 1.345)
2023-10-31 18:26:53.044  INFO 16860 --- [restartedMain] com.saltlux.livechat.load.Application    : Starting Application using Java 1.8.0_341 on ANPHATPC with PID 16860 (E:\cep-livechat\cep\lc-load-test\target\classes started by ADMIN in E:\cep-livechat\cep\lc-load-test)
2023-10-31 18:26:53.046  INFO 16860 --- [restartedMain] com.saltlux.livechat.load.Application    : No active profile set, falling back to default profiles: default
2023-10-31 18:26:53.076  INFO 16860 --- [restartedMain] .e.DevToolsPropertyDefaultsPostProcessor : Devtools property defaults active! Set 'spring.devtools.add-properties' to 'false' to disable
2023-10-31 18:26:53.896  INFO 16860 --- [restartedMain] o.s.b.d.a.OptionalLiveReloadServer       : LiveReload server is running on port 35729
2023-10-31 18:26:53.912  INFO 16860 --- [restartedMain] com.saltlux.livechat.load.Application    : Started Application in 1.095 seconds (JVM running for 1.374)
